Running: /opt/Xilinx/14.7/ISE_DS/ISE/bin/lin64/unwrapped/fuse -intstyle ise -incremental -o /home/alxndr/Develpoment/FPGA/vga_test/VGAdrive_isim_beh.exe -prj /home/alxndr/Develpoment/FPGA/vga_test/VGAdrive_beh.prj work.VGAdrive 
ISim P.20131013 (signature 0xfbc00daa)
Number of CPUs detected in this system: 4
Turning on mult-threading, number of parallel sub-compilation jobs: 8 
Determining compilation order of HDL files
Parsing VHDL file "/home/alxndr/Develpoment/FPGA/vga_test/vga.vhd" into library work
Starting static elaboration
Completed static elaboration
Fuse Memory Usage: 97808 KB
Fuse CPU Usage: 1160 ms
Compiling package standard
Compiling package std_logic_1164
Compiling package numeric_std
Compiling package std_logic_arith
Compiling package std_logic_unsigned
Compiling architecture behaviour1 of entity vgadrive
Time Resolution for simulation is 1ps.
Waiting for 1 sub-compilation(s) to finish...
Compiled 6 VHDL Units
Built simulation executable /home/alxndr/Develpoment/FPGA/vga_test/VGAdrive_isim_beh.exe
Fuse Memory Usage: 673872 KB
Fuse CPU Usage: 1290 ms
GCC CPU Usage: 160 ms
