ISim log file
Running: /home/alxndr/Develpoment/FPGA/vga_test/vgatest_isim_beh.exe -intstyle ise -gui -tclbatch isim.cmd -wdb /home/alxndr/Develpoment/FPGA/vga_test/vgatest_isim_beh.wdb 
INFO: There is another simulation running in the same directory. Using database file name isim1.wdb.
ISim P.20131013 (signature 0xfbc00daa)
WARNING: A WEBPACK license was found.
WARNING: Please use Xilinx License Configuration Manager to check out a full ISim license.
WARNING: ISim will run in Lite mode. Please refer to the ISim documentation for more information on the differences between the Lite and the Full version.
This is a Lite version of ISim.
Time resolution is 1 ps
# onerror resume
# wave add /
# run 1000 ns
Simulator is doing circuit initialization process.
at 0 ps, Instance /vgatest/ : Warning: There is an 'U'|'X'|'W'|'Z'|'-' in an arithmetic operand, the result will be 'X'(es).
Finished circuit initialization process.
# exit 0
# isim force add /vgatest/clock 1 -radix bin -value 0 -radix bin -time 0 fs -repeat 0 fs
# isim force add /vgatest/clock 1 -radix bin -value 0 -radix bin -time 0 fs -repeat 0 fs
# run 1.00us
# show driver /vgatest/clock
/vgatest/clock has no drivers.
# isim force add /vgatest/clock 1 -radix bin -value 0 -radix bin -time 0 fs -repeat 0 fs
# isim force add /vgatest/clock 1 -radix bin -value 0 -radix bin -time 0 fs -repeat 0 fs
# run all
# run 1.00us
ISim P.20131013 (signature 0xfbc00daa)
WARNING: A WEBPACK license was found.
WARNING: Please use Xilinx License Configuration Manager to check out a full ISim license.
WARNING: ISim will run in Lite mode. Please refer to the ISim documentation for more information on the differences between the Lite and the Full version.
This is a Lite version of ISim.
# run 1000 ns
Simulator is doing circuit initialization process.
at 0 ps, Instance /vgatest/ : Warning: There is an 'U'|'X'|'W'|'Z'|'-' in an arithmetic operand, the result will be 'X'(es).
Finished circuit initialization process.
# isim force add /vgatest/clock 0 -radix bin -value 1 -radix bin -time 0 fs -repeat 0 fs
# isim force add /vgatest/clock 0 -radix bin -value 1 -radix bin -time 0 fs -repeat 0 fs
# run 1.00us
# isim force add /vgatest/clock 1 -radix bin -value 1 -radix bin -time 0 fs -repeat 0 fs
# isim force add /vgatest/clock 1 -radix bin -value 1 -radix bin -time 0 fs -repeat 0 fs
# run 1.00us
# isim force add /vgatest/clock 1 -radix bin -value 0 -radix bin -time 0 fs -repeat 0 fs
# isim force add /vgatest/clock 1 -radix bin -value 0 -radix bin -time 0 fs -repeat 0 fs
# run 2.00us
# step
# run 300ms
# isim force add /vgatest/clock 1 -radix bin -value 0 -radix bin -time 0 fs -repeat 0 fs
# isim force add /vgatest/clock 1 -radix bin -value 0 -radix bin -time 0 fs -repeat 0 fs
# run 300ms
# isim force add /vgatest/clock 1 -radix bin -value 0 -radix bin -time 0 fs -repeat 0 fs
# isim force add /vgatest/clock 1 -radix bin -value 0 -radix bin -time 0 fs -repeat 0 fs
# run 300ms
ISim P.20131013 (signature 0xfbc00daa)
WARNING: A WEBPACK license was found.
WARNING: Please use Xilinx License Configuration Manager to check out a full ISim license.
WARNING: ISim will run in Lite mode. Please refer to the ISim documentation for more information on the differences between the Lite and the Full version.
This is a Lite version of ISim.
# run 1000 ns
Simulator is doing circuit initialization process.
at 0 ps, Instance /vgatest/ : Warning: There is an 'U'|'X'|'W'|'Z'|'-' in an arithmetic operand, the result will be 'X'(es).
Finished circuit initialization process.
# isim force add /vgatest/clock 1 -radix bin -value 0 -radix bin -time 0 fs -repeat 0 fs
# isim force add /vgatest/clock 1 -radix bin -value 0 -radix bin -time 0 fs -repeat 0 fs
# isim force add /vgatest/clock 1 -radix bin -value 0 -radix bin -time 0 fs -repeat 0 fs
# isim force add /vgatest/clock 1 -radix bin -value 0 -radix bin -time 0 fs -repeat 0 fs
# run 300ms
# run 100us
# run 100us
# run 2us
# run 2us
# restart
# run 2us
Simulator is doing circuit initialization process.
Finished circuit initialization process.
# show driver /vgatest/clock
/vgatest/clock has no drivers.
