Release 14.7 - xst P.20131013 (lin64)
Copyright (c) 1995-2013 Xilinx, Inc.  All rights reserved.
--> 
Parameter TMPDIR set to xst/projnav.tmp


Total REAL time to Xst completion: 0.00 secs
Total CPU time to Xst completion: 0.05 secs
 
--> 
Parameter xsthdpdir set to xst


Total REAL time to Xst completion: 0.00 secs
Total CPU time to Xst completion: 0.05 secs
 
--> 
Reading design: VGAdrive.prj

TABLE OF CONTENTS
  1) Synthesis Options Summary
  2) HDL Compilation
  3) Design Hierarchy Analysis
  4) HDL Analysis
  5) HDL Synthesis
     5.1) HDL Synthesis Report
  6) Advanced HDL Synthesis
     6.1) Advanced HDL Synthesis Report
  7) Low Level Synthesis
  8) Partition Report
  9) Final Report
	9.1) Device utilization summary
	9.2) Partition Resource Summary
	9.3) TIMING REPORT


=========================================================================
*                      Synthesis Options Summary                        *
=========================================================================
---- Source Parameters
Input File Name                    : "VGAdrive.prj"
Input Format                       : mixed
Ignore Synthesis Constraint File   : NO

---- Target Parameters
Output File Name                   : "VGAdrive"
Output Format                      : NGC
Target Device                      : xc3s100e-4-vq100

---- Source Options
Top Module Name                    : VGAdrive
Automatic FSM Extraction           : YES
FSM Encoding Algorithm             : Auto
Safe Implementation                : No
FSM Style                          : LUT
RAM Extraction                     : Yes
RAM Style                          : Auto
ROM Extraction                     : Yes
Mux Style                          : Auto
Decoder Extraction                 : YES
Priority Encoder Extraction        : Yes
Shift Register Extraction          : YES
Logical Shifter Extraction         : YES
XOR Collapsing                     : YES
ROM Style                          : Auto
Mux Extraction                     : Yes
Resource Sharing                   : YES
Asynchronous To Synchronous        : NO
Multiplier Style                   : Auto
Automatic Register Balancing       : No

---- Target Options
Add IO Buffers                     : YES
Global Maximum Fanout              : 100000
Add Generic Clock Buffer(BUFG)     : 24
Register Duplication               : YES
Slice Packing                      : YES
Optimize Instantiated Primitives   : NO
Use Clock Enable                   : Yes
Use Synchronous Set                : Yes
Use Synchronous Reset              : Yes
Pack IO Registers into IOBs        : Auto
Equivalent register Removal        : YES

---- General Options
Optimization Goal                  : Speed
Optimization Effort                : 1
Keep Hierarchy                     : No
Netlist Hierarchy                  : As_Optimized
RTL Output                         : Yes
Global Optimization                : AllClockNets
Read Cores                         : YES
Write Timing Constraints           : NO
Cross Clock Analysis               : NO
Hierarchy Separator                : /
Bus Delimiter                      : <>
Case Specifier                     : Maintain
Slice Utilization Ratio            : 100
BRAM Utilization Ratio             : 100
Verilog 2001                       : YES
Auto BRAM Packing                  : NO
Slice Utilization Ratio Delta      : 5

=========================================================================


=========================================================================
*                          HDL Compilation                              *
=========================================================================
Compiling vhdl file "/home/alxndr/Develpoment/FPGA/vga_test/vga.vhd" in Library work.
Entity <vgadrive> compiled.
Entity <vgadrive> (Architecture <behaviour1>) compiled.

=========================================================================
*                     Design Hierarchy Analysis                         *
=========================================================================
Analyzing hierarchy for entity <VGAdrive> in library <work> (architecture <behaviour1>).


=========================================================================
*                            HDL Analysis                               *
=========================================================================
Analyzing Entity <VGAdrive> in library <work> (Architecture <behaviour1>).
WARNING:Xst:819 - "/home/alxndr/Develpoment/FPGA/vga_test/vga.vhd" line 34: One or more signals are missing in the process sensitivity list. To enable synthesis of FPGA/CPLD hardware, XST will assume that all necessary signals are present in the sensitivity list. Please note that the result of the synthesis may differ from the initial design specification. The missing signals are:
   <column>
Entity <VGAdrive> analyzed. Unit <VGAdrive> generated.


=========================================================================
*                           HDL Synthesis                               *
=========================================================================

Performing bidirectional port resolution...

Synthesizing Unit <VGAdrive>.
    Related source file is "/home/alxndr/Develpoment/FPGA/vga_test/vga.vhd".
WARNING:Xst:646 - Signal <row> is assigned but never used. This unconnected signal will be trimmed during the optimization process.
    Found 1-bit 4-to-1 multiplexer for signal <Rout>.
    Found 1-bit 4-to-1 multiplexer for signal <Gout>.
    Found 1-bit 4-to-1 multiplexer for signal <Bout>.
    Found 1-bit register for signal <H>.
    Found 1-bit register for signal <V>.
    Found 11-bit comparator less for signal <blue$cmp_lt0000> created at line 72.
    Found 11-bit comparator less for signal <blue$cmp_lt0001> created at line 75.
    Found 11-bit comparator less for signal <blue$cmp_lt0002> created at line 79.
    Found 11-bit comparator less for signal <blue$cmp_lt0003> created at line 83.
    Found 11-bit comparator less for signal <blue$cmp_lt0004> created at line 87.
    Found 11-bit comparator less for signal <blue$cmp_lt0005> created at line 91.
    Found 11-bit comparator less for signal <blue$cmp_lt0006> created at line 95.
    Found 2-bit up counter for signal <depth_counter>.
    Found 11-bit comparator greatequal for signal <H$cmp_ge0000> created at line 59.
    Found 11-bit comparator less for signal <H$cmp_lt0000> created at line 59.
    Found 10-bit register for signal <horizontal>.
    Found 10-bit adder for signal <horizontal$addsub0000> created at line 44.
    Found 11-bit comparator greatequal for signal <V$cmp_ge0000> created at line 66.
    Found 11-bit comparator less for signal <V$cmp_lt0000> created at line 66.
    Found 10-bit register for signal <vertical>.
    Found 10-bit adder for signal <vertical$addsub0000> created at line 49.
    Found 11-bit comparator less for signal <vertical$cmp_lt0000> created at line 43.
    Found 11-bit comparator less for signal <vertical$cmp_lt0001> created at line 48.
    Summary:
	inferred   1 Counter(s).
	inferred  22 D-type flip-flop(s).
	inferred   2 Adder/Subtractor(s).
	inferred  13 Comparator(s).
	inferred   3 Multiplexer(s).
Unit <VGAdrive> synthesized.


=========================================================================
HDL Synthesis Report

Macro Statistics
# Adders/Subtractors                                   : 2
 10-bit adder                                          : 2
# Counters                                             : 1
 2-bit up counter                                      : 1
# Registers                                            : 4
 1-bit register                                        : 2
 10-bit register                                       : 2
# Comparators                                          : 13
 11-bit comparator greatequal                          : 2
 11-bit comparator less                                : 11
# Multiplexers                                         : 3
 1-bit 4-to-1 multiplexer                              : 3

=========================================================================

=========================================================================
*                       Advanced HDL Synthesis                          *
=========================================================================


=========================================================================
Advanced HDL Synthesis Report

Macro Statistics
# Adders/Subtractors                                   : 2
 10-bit adder                                          : 2
# Counters                                             : 1
 2-bit up counter                                      : 1
# Registers                                            : 22
 Flip-Flops                                            : 22
# Comparators                                          : 13
 11-bit comparator greatequal                          : 2
 11-bit comparator less                                : 11
# Multiplexers                                         : 3
 1-bit 4-to-1 multiplexer                              : 3

=========================================================================

=========================================================================
*                         Low Level Synthesis                           *
=========================================================================

Optimizing unit <VGAdrive> ...

Mapping all equations...
Building and optimizing final netlist ...
Found area constraint ratio of 100 (+ 5) on block VGAdrive, actual ratio is 4.

Final Macro Processing ...

=========================================================================
Final Register Report

Macro Statistics
# Registers                                            : 24
 Flip-Flops                                            : 24

=========================================================================

=========================================================================
*                           Partition Report                            *
=========================================================================

Partition Implementation Status
-------------------------------

  No Partitions were found in this design.

-------------------------------

=========================================================================
*                            Final Report                               *
=========================================================================
Final Results
RTL Top Level Output File Name     : VGAdrive.ngr
Top Level Output File Name         : VGAdrive
Output Format                      : NGC
Optimization Goal                  : Speed
Keep Hierarchy                     : No

Design Statistics
# IOs                              : 6

Cell Usage :
# BELS                             : 118
#      GND                         : 1
#      INV                         : 3
#      LUT1                        : 18
#      LUT2                        : 3
#      LUT2_D                      : 1
#      LUT2_L                      : 1
#      LUT3                        : 5
#      LUT3_D                      : 2
#      LUT3_L                      : 1
#      LUT4                        : 37
#      LUT4_D                      : 1
#      LUT4_L                      : 2
#      MUXCY                       : 18
#      MUXF5                       : 3
#      MUXF6                       : 1
#      VCC                         : 1
#      XORCY                       : 20
# FlipFlops/Latches                : 24
#      FD                          : 20
#      FDR                         : 4
# Clock Buffers                    : 1
#      BUFGP                       : 1
# IO Buffers                       : 5
#      OBUF                        : 5
=========================================================================

Device utilization summary:
---------------------------

Selected Device : 3s100evq100-4 

 Number of Slices:                       41  out of    960     4%  
 Number of Slice Flip Flops:             24  out of   1920     1%  
 Number of 4 input LUTs:                 74  out of   1920     3%  
 Number of IOs:                           6
 Number of bonded IOBs:                   6  out of     66     9%  
 Number of GCLKs:                         1  out of     24     4%  

---------------------------
Partition Resource Summary:
---------------------------

  No Partitions were found in this design.

---------------------------


=========================================================================
TIMING REPORT

NOTE: THESE TIMING NUMBERS ARE ONLY A SYNTHESIS ESTIMATE.
      FOR ACCURATE TIMING INFORMATION PLEASE REFER TO THE TRACE REPORT
      GENERATED AFTER PLACE-and-ROUTE.

Clock Information:
------------------
-----------------------------------+------------------------+-------+
Clock Signal                       | Clock buffer(FF name)  | Load  |
-----------------------------------+------------------------+-------+
clock                              | BUFGP                  | 24    |
-----------------------------------+------------------------+-------+

Asynchronous Control Signals Information:
----------------------------------------
No asynchronous control signals found in this design

Timing Summary:
---------------
Speed Grade: -4

   Minimum period: 8.348ns (Maximum Frequency: 119.789MHz)
   Minimum input arrival time before clock: No path found
   Maximum output required time after clock: 8.060ns
   Maximum combinational path delay: No path found

Timing Detail:
--------------
All values displayed in nanoseconds (ns)

=========================================================================
Timing constraint: Default period analysis for Clock 'clock'
  Clock period: 8.348ns (frequency: 119.789MHz)
  Total number of paths / destination ports: 746 / 26
-------------------------------------------------------------------------
Delay:               8.348ns (Levels of Logic = 5)
  Source:            horizontal_6 (FF)
  Destination:       V (FF)
  Source Clock:      clock rising
  Destination Clock: clock rising

  Data Path: horizontal_6 to V
                                Gate     Net
    Cell:in->out      fanout   Delay   Delay  Logical Name (Net Name)
    ----------------------------------------  ------------
     FD:C->Q               8   0.591   0.932  horizontal_6 (horizontal_6)
     LUT2:I0->O            2   0.704   0.451  Mmux_Gout231 (N14)
     LUT4:I3->O            2   0.704   0.482  vertical_cmp_lt0000231 (vertical_cmp_lt0000231)
     LUT3_D:I2->LO         1   0.704   0.104  vertical_cmp_lt0000238 (N31)
     LUT4:I3->O           11   0.704   0.937  V_and0000355 (N12)
     LUT4:I3->O            1   0.704   0.420  V_and000085 (V_and0000)
     FDR:R                     0.911          V
    ----------------------------------------
    Total                      8.348ns (5.022ns logic, 3.326ns route)
                                       (60.2% logic, 39.8% route)

=========================================================================
Timing constraint: Default OFFSET OUT AFTER for Clock 'clock'
  Total number of paths / destination ports: 35 / 5
-------------------------------------------------------------------------
Offset:              8.060ns (Levels of Logic = 5)
  Source:            horizontal_6 (FF)
  Destination:       Bout (PAD)
  Source Clock:      clock rising

  Data Path: horizontal_6 to Bout
                                Gate     Net
    Cell:in->out      fanout   Delay   Delay  Logical Name (Net Name)
    ----------------------------------------  ------------
     FD:C->Q               8   0.591   0.932  horizontal_6 (horizontal_6)
     LUT4:I0->O            1   0.704   0.000  Mmux_Bout213 (Mmux_Bout212)
     MUXF5:I0->O           1   0.321   0.000  Mmux_Bout21_f5_0 (Mmux_Bout21_f51)
     MUXF6:I0->O           1   0.521   0.595  Mmux_Bout21_f6 (N01)
     LUT3:I0->O            1   0.704   0.420  Mmux_Bout22 (Bout_OBUF)
     OBUF:I->O                 3.272          Bout_OBUF (Bout)
    ----------------------------------------
    Total                      8.060ns (6.113ns logic, 1.947ns route)
                                       (75.8% logic, 24.2% route)

=========================================================================


Total REAL time to Xst completion: 4.00 secs
Total CPU time to Xst completion: 4.35 secs
 
--> 


Total memory usage is 510948 kilobytes

Number of errors   :    0 (   0 filtered)
Number of warnings :    2 (   0 filtered)
Number of infos    :    0 (   0 filtered)

