Command line:
   vga_isim_beh.exe
     -simmode  gui
     -simrunnum  0
     -socket  54670

Mon Apr 11 17:20:15 2016


 Elaboration Time: 0.01 sec

 Current Memory Usage: 196.047 Meg

 Total Signals          : 13
 Total Nets             : 13
 Total Signal Drivers   : 10
 Total Blocks           : 2
 Total Primitive Blocks : 2
 Total Processes        : 6
 Total Traceable Variables  : 18
 Total Scalar Nets and Variables : 383
Total Line Count : 30

 Total Simulation Time: 0.67 sec

 Current Memory Usage: 271.548 Meg

Mon Apr 11 17:20:48 2016

